Started GET "/" for 127.0.0.1 at 2017-08-28 14:14:20 -0400
Processing by Rails::WelcomeController#index as HTML
  Rendering /Users/reoki/.rvm/gems/ruby-2.2.6/gems/railties-5.1.3/lib/rails/templates/rails/welcome/index.html.erb
  Rendered /Users/reoki/.rvm/gems/ruby-2.2.6/gems/railties-5.1.3/lib/rails/templates/rails/welcome/index.html.erb (6.2ms)
Completed 200 OK in 461ms (Views: 41.3ms)


  [1m[35m (0.0ms)[0m  [1m[34mSELECT sqlite_version(*)[0m
  [1m[35m (272.1ms)[0m  [1m[35mCREATE TABLE "schema_migrations" ("version" varchar NOT NULL PRIMARY KEY)[0m
  [1m[35m (295.6ms)[0m  [1m[35mCREATE TABLE "ar_internal_metadata" ("key" varchar NOT NULL PRIMARY KEY, "value" varchar, "created_at" datetime NOT NULL, "updated_at" datetime NOT NULL)[0m
  [1m[35m (0.0ms)[0m  [1m[34mSELECT "schema_migrations"."version" FROM "schema_migrations" ORDER BY "schema_migrations"."version" ASC[0m
Migrating to DeviseCreateUsers (20170828225352)
  [1m[35m (0.0ms)[0m  [1m[36mbegin transaction[0m
  [1m[35m (0.0ms)[0m  [1m[31mrollback transaction[0m
  [1m[35m (0.0ms)[0m  [1m[34mSELECT "schema_migrations"."version" FROM "schema_migrations" ORDER BY "schema_migrations"."version" ASC[0m
Migrating to DeviseCreateUsers (20170828225352)
  [1m[35m (0.0ms)[0m  [1m[36mbegin transaction[0m
  [1m[35m (0.0ms)[0m  [1m[34mSELECT sqlite_version(*)[0m
  [1m[35m (15.5ms)[0m  [1m[35mCREATE TABLE "users" ("id" INTEGER PRIMARY KEY AUTOINCREMENT NOT NULL, "email" varchar DEFAULT '' NOT NULL, "encrypted_password" varchar DEFAULT '' NOT NULL, "reset_password_token" varchar, "reset_password_sent_at" datetime, "remember_created_at" datetime, "sign_in_count" integer DEFAULT 0 NOT NULL, "current_sign_in_at" datetime, "last_sign_in_at" datetime, "current_sign_in_ip" varchar, "last_sign_in_ip" varchar, "created_at" datetime NOT NULL, "updated_at" datetime NOT NULL)[0m
  [1m[35m (1.6ms)[0m  [1m[35mCREATE UNIQUE INDEX "index_users_on_email" ON "users" ("email")[0m
  [1m[35m (0.0ms)[0m  [1m[34m            SELECT sql
            FROM sqlite_master
            WHERE name='index_users_on_email' AND type='index'
            UNION ALL
            SELECT sql
            FROM sqlite_temp_master
            WHERE name='index_users_on_email' AND type='index'
[0m
  [1m[35m (0.0ms)[0m  [1m[35mCREATE UNIQUE INDEX "index_users_on_reset_password_token" ON "users" ("reset_password_token")[0m
  [1m[35mSQL (0.0ms)[0m  [1m[32mINSERT INTO "schema_migrations" ("version") VALUES (?)[0m  [["version", "20170828225352"]]
  [1m[35m (283.5ms)[0m  [1m[36mcommit transaction[0m
  [1m[36mActiveRecord::InternalMetadata Load (1.0ms)[0m  [1m[34mSELECT  "ar_internal_metadata".* FROM "ar_internal_metadata" WHERE "ar_internal_metadata"."key" = ? LIMIT ?[0m  [["key", "environment"], ["LIMIT", 1]]
  [1m[35m (0.0ms)[0m  [1m[36mbegin transaction[0m
  [1m[35mSQL (1.0ms)[0m  [1m[32mINSERT INTO "ar_internal_metadata" ("key", "value", "created_at", "updated_at") VALUES (?, ?, ?, ?)[0m  [["key", "environment"], ["value", "development"], ["created_at", "2017-08-28 23:07:16.505519"], ["updated_at", "2017-08-28 23:07:16.505519"]]
  [1m[35m (227.2ms)[0m  [1m[36mcommit transaction[0m
  [1m[35m (1.0ms)[0m  [1m[34mSELECT "schema_migrations"."version" FROM "schema_migrations" ORDER BY "schema_migrations"."version" ASC[0m
  [1m[35m (0.0ms)[0m  [1m[34m            SELECT sql
            FROM sqlite_master
            WHERE name='index_users_on_reset_password_token' AND type='index'
            UNION ALL
            SELECT sql
            FROM sqlite_temp_master
            WHERE name='index_users_on_reset_password_token' AND type='index'
[0m
  [1m[35m (0.0ms)[0m  [1m[34m            SELECT sql
            FROM sqlite_master
            WHERE name='index_users_on_email' AND type='index'
            UNION ALL
            SELECT sql
            FROM sqlite_temp_master
            WHERE name='index_users_on_email' AND type='index'
[0m
  [1m[35m (1.0ms)[0m  [1m[34mSELECT sqlite_version(*)[0m
  [1m[35m (352.9ms)[0m  [1m[35mCREATE TABLE "schema_migrations" ("version" varchar NOT NULL PRIMARY KEY)[0m
  [1m[35m (280.6ms)[0m  [1m[35mCREATE TABLE "ar_internal_metadata" ("key" varchar NOT NULL PRIMARY KEY, "value" varchar, "created_at" datetime NOT NULL, "updated_at" datetime NOT NULL)[0m
  [1m[35m (0.0ms)[0m  [1m[34mSELECT "schema_migrations"."version" FROM "schema_migrations" ORDER BY "schema_migrations"."version" ASC[0m
Migrating to DeviseCreateUsers (20170828225352)
  [1m[35m (0.0ms)[0m  [1m[36mbegin transaction[0m
  [1m[35m (1.0ms)[0m  [1m[35mCREATE TABLE "users" ("id" INTEGER PRIMARY KEY AUTOINCREMENT NOT NULL, "email" varchar DEFAULT '' NOT NULL, "encrypted_password" varchar DEFAULT '' NOT NULL, "reset_password_token" varchar, "reset_password_sent_at" datetime, "remember_created_at" datetime, "sign_in_count" integer DEFAULT 0 NOT NULL, "current_sign_in_at" datetime, "last_sign_in_at" datetime, "current_sign_in_ip" varchar, "last_sign_in_ip" varchar, "permission_level" integer DEFAULT 1, "created_at" datetime NOT NULL, "updated_at" datetime NOT NULL)[0m
  [1m[35m (1.0ms)[0m  [1m[35mCREATE UNIQUE INDEX "index_users_on_email" ON "users" ("email")[0m
  [1m[35m (0.0ms)[0m  [1m[34m            SELECT sql
            FROM sqlite_master
            WHERE name='index_users_on_email' AND type='index'
            UNION ALL
            SELECT sql
            FROM sqlite_temp_master
            WHERE name='index_users_on_email' AND type='index'
[0m
  [1m[35m (0.0ms)[0m  [1m[35mCREATE UNIQUE INDEX "index_users_on_reset_password_token" ON "users" ("reset_password_token")[0m
  [1m[35mSQL (0.0ms)[0m  [1m[32mINSERT INTO "schema_migrations" ("version") VALUES (?)[0m  [["version", "20170828225352"]]
  [1m[35m (309.7ms)[0m  [1m[36mcommit transaction[0m
  [1m[36mActiveRecord::InternalMetadata Load (0.0ms)[0m  [1m[34mSELECT  "ar_internal_metadata".* FROM "ar_internal_metadata" WHERE "ar_internal_metadata"."key" = ? LIMIT ?[0m  [["key", "environment"], ["LIMIT", 1]]
  [1m[35m (0.0ms)[0m  [1m[36mbegin transaction[0m
  [1m[35mSQL (1.0ms)[0m  [1m[32mINSERT INTO "ar_internal_metadata" ("key", "value", "created_at", "updated_at") VALUES (?, ?, ?, ?)[0m  [["key", "environment"], ["value", "development"], ["created_at", "2017-08-28 23:14:06.974054"], ["updated_at", "2017-08-28 23:14:06.974054"]]
  [1m[35m (259.0ms)[0m  [1m[36mcommit transaction[0m
  [1m[35m (0.0ms)[0m  [1m[34mSELECT "schema_migrations"."version" FROM "schema_migrations" ORDER BY "schema_migrations"."version" ASC[0m
  [1m[35m (0.0ms)[0m  [1m[34m            SELECT sql
            FROM sqlite_master
            WHERE name='index_users_on_reset_password_token' AND type='index'
            UNION ALL
            SELECT sql
            FROM sqlite_temp_master
            WHERE name='index_users_on_reset_password_token' AND type='index'
[0m
  [1m[35m (0.0ms)[0m  [1m[34m            SELECT sql
            FROM sqlite_master
            WHERE name='index_users_on_email' AND type='index'
            UNION ALL
            SELECT sql
            FROM sqlite_temp_master
            WHERE name='index_users_on_email' AND type='index'
[0m
Started GET "/" for ::1 at 2017-08-28 19:17:43 -0400
Started GET "/" for ::1 at 2017-08-28 19:17:43 -0400
Started GET "/" for ::1 at 2017-08-28 19:17:43 -0400
  [1m[35m (0.0ms)[0m  [1m[34mSELECT "schema_migrations"."version" FROM "schema_migrations" ORDER BY "schema_migrations"."version" ASC[0m
  [1m[35m (0.0ms)[0m  [1m[34mSELECT "schema_migrations"."version" FROM "schema_migrations" ORDER BY "schema_migrations"."version" ASC[0m
  [1m[35m (0.0ms)[0m  [1m[34mSELECT "schema_migrations"."version" FROM "schema_migrations" ORDER BY "schema_migrations"."version" ASC[0m
  
  
  
ActionController::RoutingError (uninitialized constant HomeController):
ActionController::RoutingError (uninitialized constant HomeController):
ActionController::RoutingError (uninitialized constant HomeController):
  
  
  
activesupport (5.1.3) lib/active_support/inflector/methods.rb:269:in `const_get'
activesupport (5.1.3) lib/active_support/inflector/methods.rb:269:in `block in constantize'
activesupport (5.1.3) lib/active_support/inflector/methods.rb:267:in `each'
activesupport (5.1.3) lib/active_support/inflector/methods.rb:267:in `inject'
activesupport (5.1.3) lib/active_support/inflector/methods.rb:267:in `constantize'
actionpack (5.1.3) lib/action_dispatch/http/request.rb:82:in `controller_class'
actionpack (5.1.3) lib/action_dispatch/routing/route_set.rb:43:in `controller'
actionpack (5.1.3) lib/action_dispatch/routing/route_set.rb:29:in `serve'
actionpack (5.1.3) lib/action_dispatch/journey/router.rb:46:in `block in serve'
actionpack (5.1.3) lib/action_dispatch/journey/router.rb:33:in `each'
actionpack (5.1.3) lib/action_dispatch/journey/router.rb:33:in `serve'
actionpack (5.1.3) lib/action_dispatch/routing/route_set.rb:834:in `call'
warden (1.2.7) lib/warden/manager.rb:36:in `block in call'
warden (1.2.7) lib/warden/manager.rb:35:in `catch'
warden (1.2.7) lib/warden/manager.rb:35:in `call'
rack (2.0.3) lib/rack/etag.rb:25:in `call'
rack (2.0.3) lib/rack/conditional_get.rb:25:in `call'
rack (2.0.3) lib/rack/head.rb:12:in `call'
rack (2.0.3) lib/rack/session/abstract/id.rb:232:in `context'
rack (2.0.3) lib/rack/session/abstract/id.rb:226:in `call'
actionpack (5.1.3) lib/action_dispatch/middleware/cookies.rb:613:in `call'
activerecord (5.1.3) lib/active_record/migration.rb:556:in `call'
actionpack (5.1.3) lib/action_dispatch/middleware/callbacks.rb:26:in `block in call'
activesupport (5.1.3) lib/active_support/callbacks.rb:97:in `run_callbacks'
actionpack (5.1.3) lib/action_dispatch/middleware/callbacks.rb:24:in `call'
actionpack (5.1.3) lib/action_dispatch/middleware/executor.rb:12:in `call'
actionpack (5.1.3) lib/action_dispatch/middleware/debug_exceptions.rb:59:in `call'
web-console (3.5.1) lib/web_console/middleware.rb:135:in `call_app'
web-console (3.5.1) lib/web_console/middleware.rb:28:in `block in call'
web-console (3.5.1) lib/web_console/middleware.rb:18:in `catch'
web-console (3.5.1) lib/web_console/middleware.rb:18:in `call'
actionpack (5.1.3) lib/action_dispatch/middleware/show_exceptions.rb:31:in `call'
railties (5.1.3) lib/rails/rack/logger.rb:36:in `call_app'
railties (5.1.3) lib/rails/rack/logger.rb:24:in `block in call'
activesupport (5.1.3) lib/active_support/tagged_logging.rb:69:in `block in tagged'
activesupport (5.1.3) lib/active_support/tagged_logging.rb:26:in `tagged'
activesupport (5.1.3) lib/active_support/tagged_logging.rb:69:in `tagged'
railties (5.1.3) lib/rails/rack/logger.rb:24:in `call'
sprockets-rails (3.2.0) lib/sprockets/rails/quiet_assets.rb:13:in `call'
actionpack (5.1.3) lib/action_dispatch/middleware/remote_ip.rb:79:in `call'
actionpack (5.1.3) lib/action_dispatch/middleware/request_id.rb:25:in `call'
rack (2.0.3) lib/rack/method_override.rb:22:in `call'
rack (2.0.3) lib/rack/runtime.rb:22:in `call'
activesupport (5.1.3) lib/active_support/cache/strategy/local_cache_middleware.rb:27:in `call'
actionpack (5.1.3) lib/action_dispatch/middleware/executor.rb:12:in `call'
actionpack (5.1.3) lib/action_dispatch/middleware/static.rb:125:in `call'
rack (2.0.3) lib/rack/sendfile.rb:111:in `call'
railties (5.1.3) lib/rails/engine.rb:522:in `call'
puma (3.10.0) lib/puma/configuration.rb:225:in `call'
puma (3.10.0) lib/puma/server.rb:605:in `handle_request'
puma (3.10.0) lib/puma/server.rb:437:in `process_client'
puma (3.10.0) lib/puma/server.rb:301:in `block in run'
puma (3.10.0) lib/puma/thread_pool.rb:120:in `call'
puma (3.10.0) lib/puma/thread_pool.rb:120:in `block in spawn_thread'
activesupport (5.1.3) lib/active_support/inflector/methods.rb:269:in `const_get'
activesupport (5.1.3) lib/active_support/inflector/methods.rb:269:in `block in constantize'
activesupport (5.1.3) lib/active_support/inflector/methods.rb:267:in `each'
activesupport (5.1.3) lib/active_support/inflector/methods.rb:267:in `inject'
activesupport (5.1.3) lib/active_support/inflector/methods.rb:267:in `constantize'
actionpack (5.1.3) lib/action_dispatch/http/request.rb:82:in `controller_class'
actionpack (5.1.3) lib/action_dispatch/routing/route_set.rb:43:in `controller'
actionpack (5.1.3) lib/action_dispatch/routing/route_set.rb:29:in `serve'
actionpack (5.1.3) lib/action_dispatch/journey/router.rb:46:in `block in serve'
actionpack (5.1.3) lib/action_dispatch/journey/router.rb:33:in `each'
actionpack (5.1.3) lib/action_dispatch/journey/router.rb:33:in `serve'
actionpack (5.1.3) lib/action_dispatch/routing/route_set.rb:834:in `call'
warden (1.2.7) lib/warden/manager.rb:36:in `block in call'
warden (1.2.7) lib/warden/manager.rb:35:in `catch'
warden (1.2.7) lib/warden/manager.rb:35:in `call'
rack (2.0.3) lib/rack/etag.rb:25:in `call'
rack (2.0.3) lib/rack/conditional_get.rb:25:in `call'
rack (2.0.3) lib/rack/head.rb:12:in `call'
rack (2.0.3) lib/rack/session/abstract/id.rb:232:in `context'
rack (2.0.3) lib/rack/session/abstract/id.rb:226:in `call'
actionpack (5.1.3) lib/action_dispatch/middleware/cookies.rb:613:in `call'
activerecord (5.1.3) lib/active_record/migration.rb:556:in `call'
actionpack (5.1.3) lib/action_dispatch/middleware/callbacks.rb:26:in `block in call'
activesupport (5.1.3) lib/active_support/callbacks.rb:97:in `run_callbacks'
actionpack (5.1.3) lib/action_dispatch/middleware/callbacks.rb:24:in `call'
actionpack (5.1.3) lib/action_dispatch/middleware/executor.rb:12:in `call'
actionpack (5.1.3) lib/action_dispatch/middleware/debug_exceptions.rb:59:in `call'
web-console (3.5.1) lib/web_console/middleware.rb:135:in `call_app'
web-console (3.5.1) lib/web_console/middleware.rb:28:in `block in call'
web-console (3.5.1) lib/web_console/middleware.rb:18:in `catch'
web-console (3.5.1) lib/web_console/middleware.rb:18:in `call'
actionpack (5.1.3) lib/action_dispatch/middleware/show_exceptions.rb:31:in `call'
railties (5.1.3) lib/rails/rack/logger.rb:36:in `call_app'
railties (5.1.3) lib/rails/rack/logger.rb:24:in `block in call'
activesupport (5.1.3) lib/active_support/tagged_logging.rb:69:in `block in tagged'
activesupport (5.1.3) lib/active_support/tagged_logging.rb:26:in `tagged'
activesupport (5.1.3) lib/active_support/tagged_logging.rb:69:in `tagged'
railties (5.1.3) lib/rails/rack/logger.rb:24:in `call'
sprockets-rails (3.2.0) lib/sprockets/rails/quiet_assets.rb:13:in `call'
actionpack (5.1.3) lib/action_dispatch/middleware/remote_ip.rb:79:in `call'
actionpack (5.1.3) lib/action_dispatch/middleware/request_id.rb:25:in `call'
rack (2.0.3) lib/rack/method_override.rb:22:in `call'
rack (2.0.3) lib/rack/runtime.rb:22:in `call'
activesupport (5.1.3) lib/active_support/cache/strategy/local_cache_middleware.rb:27:in `call'
actionpack (5.1.3) lib/action_dispatch/middleware/executor.rb:12:in `call'
actionpack (5.1.3) lib/action_dispatch/middleware/static.rb:125:in `call'
rack (2.0.3) lib/rack/sendfile.rb:111:in `call'
railties (5.1.3) lib/rails/engine.rb:522:in `call'
puma (3.10.0) lib/puma/configuration.rb:225:in `call'
puma (3.10.0) lib/puma/server.rb:605:in `handle_request'
puma (3.10.0) lib/puma/server.rb:437:in `process_client'
puma (3.10.0) lib/puma/server.rb:301:in `block in run'
puma (3.10.0) lib/puma/thread_pool.rb:120:in `call'
puma (3.10.0) lib/puma/thread_pool.rb:120:in `block in spawn_thread'
activesupport (5.1.3) lib/active_support/inflector/methods.rb:269:in `const_get'
activesupport (5.1.3) lib/active_support/inflector/methods.rb:269:in `block in constantize'
activesupport (5.1.3) lib/active_support/inflector/methods.rb:267:in `each'
activesupport (5.1.3) lib/active_support/inflector/methods.rb:267:in `inject'
activesupport (5.1.3) lib/active_support/inflector/methods.rb:267:in `constantize'
actionpack (5.1.3) lib/action_dispatch/http/request.rb:82:in `controller_class'
actionpack (5.1.3) lib/action_dispatch/routing/route_set.rb:43:in `controller'
actionpack (5.1.3) lib/action_dispatch/routing/route_set.rb:29:in `serve'
actionpack (5.1.3) lib/action_dispatch/journey/router.rb:46:in `block in serve'
actionpack (5.1.3) lib/action_dispatch/journey/router.rb:33:in `each'
actionpack (5.1.3) lib/action_dispatch/journey/router.rb:33:in `serve'
actionpack (5.1.3) lib/action_dispatch/routing/route_set.rb:834:in `call'
warden (1.2.7) lib/warden/manager.rb:36:in `block in call'
warden (1.2.7) lib/warden/manager.rb:35:in `catch'
warden (1.2.7) lib/warden/manager.rb:35:in `call'
rack (2.0.3) lib/rack/etag.rb:25:in `call'
rack (2.0.3) lib/rack/conditional_get.rb:25:in `call'
rack (2.0.3) lib/rack/head.rb:12:in `call'
rack (2.0.3) lib/rack/session/abstract/id.rb:232:in `context'
rack (2.0.3) lib/rack/session/abstract/id.rb:226:in `call'
actionpack (5.1.3) lib/action_dispatch/middleware/cookies.rb:613:in `call'
activerecord (5.1.3) lib/active_record/migration.rb:556:in `call'
actionpack (5.1.3) lib/action_dispatch/middleware/callbacks.rb:26:in `block in call'
activesupport (5.1.3) lib/active_support/callbacks.rb:97:in `run_callbacks'
actionpack (5.1.3) lib/action_dispatch/middleware/callbacks.rb:24:in `call'
actionpack (5.1.3) lib/action_dispatch/middleware/executor.rb:12:in `call'
actionpack (5.1.3) lib/action_dispatch/middleware/debug_exceptions.rb:59:in `call'
web-console (3.5.1) lib/web_console/middleware.rb:135:in `call_app'
web-console (3.5.1) lib/web_console/middleware.rb:28:in `block in call'
web-console (3.5.1) lib/web_console/middleware.rb:18:in `catch'
web-console (3.5.1) lib/web_console/middleware.rb:18:in `call'
actionpack (5.1.3) lib/action_dispatch/middleware/show_exceptions.rb:31:in `call'
railties (5.1.3) lib/rails/rack/logger.rb:36:in `call_app'
railties (5.1.3) lib/rails/rack/logger.rb:24:in `block in call'
activesupport (5.1.3) lib/active_support/tagged_logging.rb:69:in `block in tagged'
activesupport (5.1.3) lib/active_support/tagged_logging.rb:26:in `tagged'
activesupport (5.1.3) lib/active_support/tagged_logging.rb:69:in `tagged'
railties (5.1.3) lib/rails/rack/logger.rb:24:in `call'
sprockets-rails (3.2.0) lib/sprockets/rails/quiet_assets.rb:13:in `call'
actionpack (5.1.3) lib/action_dispatch/middleware/remote_ip.rb:79:in `call'
actionpack (5.1.3) lib/action_dispatch/middleware/request_id.rb:25:in `call'
rack (2.0.3) lib/rack/method_override.rb:22:in `call'
rack (2.0.3) lib/rack/runtime.rb:22:in `call'
activesupport (5.1.3) lib/active_support/cache/strategy/local_cache_middleware.rb:27:in `call'
actionpack (5.1.3) lib/action_dispatch/middleware/executor.rb:12:in `call'
actionpack (5.1.3) lib/action_dispatch/middleware/static.rb:125:in `call'
rack (2.0.3) lib/rack/sendfile.rb:111:in `call'
railties (5.1.3) lib/rails/engine.rb:522:in `call'
puma (3.10.0) lib/puma/configuration.rb:225:in `call'
puma (3.10.0) lib/puma/server.rb:605:in `handle_request'
puma (3.10.0) lib/puma/server.rb:437:in `process_client'
puma (3.10.0) lib/puma/server.rb:301:in `block in run'
puma (3.10.0) lib/puma/thread_pool.rb:120:in `call'
puma (3.10.0) lib/puma/thread_pool.rb:120:in `block in spawn_thread'
Started GET "/" for ::1 at 2017-08-28 19:24:33 -0400
  [1m[35m (0.0ms)[0m  [1m[34mSELECT "schema_migrations"."version" FROM "schema_migrations" ORDER BY "schema_migrations"."version" ASC[0m
Processing by HomeController#index as HTML
  Rendering home/index.html.erb within layouts/application
  Rendered home/index.html.erb within layouts/application (1.0ms)
Completed 500 Internal Server Error in 2028ms (ActiveRecord: 0.0ms)


  
ActionView::Template::Error (TypeError: El objeto no acepta esta propiedad o método):
    4:     <title>Prolam</title>
    5:     <%= csrf_meta_tags %>
    6: 
    7:     <%= stylesheet_link_tag    'application', media: 'all', 'data-turbolinks-track': 'reload' %>
    8:     <%= javascript_include_tag 'application', 'data-turbolinks-track': 'reload' %>
    9:   </head>
   10: 
  
app/views/layouts/application.html.erb:7:in `_app_views_layouts_application_html_erb__215037535_24559092'
Started GET "/" for ::1 at 2017-08-28 19:31:36 -0400
  [1m[35m (0.0ms)[0m  [1m[34mSELECT "schema_migrations"."version" FROM "schema_migrations" ORDER BY "schema_migrations"."version" ASC[0m
Processing by HomeController#index as HTML
  Rendering home/index.html.erb within layouts/application
  Rendered home/index.html.erb within layouts/application (2.0ms)
Completed 500 Internal Server Error in 243ms (ActiveRecord: 0.0ms)


  
ActionView::Template::Error (The asset "default.css" is not present in the asset pipeline.):
    3:   <head>
    4:     <title>Prolam</title>
    5:     <%= csrf_meta_tags %>
    6:     <%= stylesheet_link_tag    'default', media: 'all', 'data-turbolinks-track' => true %>
    7:     <%= javascript_include_tag 'default', 'data-turbolinks-track' => true %>
    8:     <!--<%= stylesheet_link_tag    'application', media: 'all', 'data-turbolinks-track': 'reload' %>-->
    9:     <!--<%= javascript_include_tag 'application', 'data-turbolinks-track': 'reload' %>-->
  
app/views/layouts/application.html.erb:6:in `_app_views_layouts_application_html_erb__748851879_23993424'
Started GET "/" for ::1 at 2017-08-28 19:32:14 -0400
Processing by HomeController#index as HTML
  Rendering home/index.html.erb within layouts/application
  Rendered home/index.html.erb within layouts/application (0.0ms)
Completed 500 Internal Server Error in 49ms (ActiveRecord: 0.0ms)


  
SyntaxError (d:/Ninja/repo/prolam/app/views/layouts/application.html.erb:9: syntax error, unexpected '<'
    <!--'.freeze;@output_buffer.ap...
     ^
d:/Ninja/repo/prolam/app/views/layouts/application.html.erb:9: syntax error, unexpected tIDENTIFIER, expecting ')'
...script_include_tag 'application', 'data-turbolinks-track': '...
...                               ^
d:/Ninja/repo/prolam/app/views/layouts/application.html.erb:9: syntax error, unexpected tIDENTIFIER, expecting ')'
...nclude_tag 'application', 'data-turbolinks-track': 'reload' ...
...                               ^
d:/Ninja/repo/prolam/app/views/layouts/application.html.erb:9: syntax error, unexpected tSTRING_BEG, expecting keyword_do or '{' or '('
...ation', 'data-turbolinks-track': 'reload' );@output_buffer.s...
...                               ^
d:/Ninja/repo/prolam/app/views/layouts/application.html.erb:9: syntax error, unexpected tIDENTIFIER, expecting ')'
...data-turbolinks-track': 'reload' );@output_buffer.safe_appen...
...                               ^
d:/Ninja/repo/prolam/app/views/layouts/application.html.erb:9: syntax error, unexpected '\n', expecting keyword_do_LAMBDA or tLAMBEG
d:/Ninja/repo/prolam/app/views/layouts/application.html.erb:13: unknown regexp option - p
d:/Ninja/repo/prolam/app/views/layouts/application.html.erb:14: syntax error, unexpected '<'
      <p class="alert">'.freeze;@out...
       ^
d:/Ninja/repo/prolam/app/views/layouts/application.html.erb:16: unknown regexp options - bdy
d:/Ninja/repo/prolam/app/views/layouts/application.html.erb:17: syntax error, unexpected '<'
</html>
 ^
d:/Ninja/repo/prolam/app/views/layouts/application.html.erb:17: unterminated regexp meets end of file):
  
app/views/layouts/application.html.erb:9: syntax error, unexpected '<'
app/views/layouts/application.html.erb:9: syntax error, unexpected tIDENTIFIER, expecting ')'
app/views/layouts/application.html.erb:9: syntax error, unexpected tIDENTIFIER, expecting ')'
app/views/layouts/application.html.erb:9: syntax error, unexpected tSTRING_BEG, expecting keyword_do or '{' or '('
app/views/layouts/application.html.erb:9: syntax error, unexpected tIDENTIFIER, expecting ')'
app/views/layouts/application.html.erb:9: syntax error, unexpected '\n', expecting keyword_do_LAMBDA or tLAMBEG
app/views/layouts/application.html.erb:13: unknown regexp option - p
app/views/layouts/application.html.erb:14: syntax error, unexpected '<'
app/views/layouts/application.html.erb:16: unknown regexp options - bdy
app/views/layouts/application.html.erb:17: syntax error, unexpected '<'
app/views/layouts/application.html.erb:17: unterminated regexp meets end of file
Started GET "/" for ::1 at 2017-08-28 19:32:34 -0400
Processing by HomeController#index as HTML
  Rendering home/index.html.erb within layouts/application
  Rendered home/index.html.erb within layouts/application (1.0ms)
Completed 500 Internal Server Error in 745ms (ActiveRecord: 0.0ms)


  
ActionView::Template::Error (TypeError: El objeto no acepta esta propiedad o método):
    3:   <head>
    4:     <title>Prolam</title>
    5:     <%= csrf_meta_tags %>
    6:     <%= stylesheet_link_tag    'application', media: 'all', 'data-turbolinks-track' => true %>
    7:     <%= javascript_include_tag 'application', 'data-turbolinks-track' => true %>
    8:   
    9:   </head>
  
app/views/layouts/application.html.erb:6:in `_app_views_layouts_application_html_erb__748851879_91515864'
Started GET "/" for ::1 at 2017-08-28 19:33:33 -0400
Processing by HomeController#index as HTML
  Rendering home/index.html.erb within layouts/application
  Rendered home/index.html.erb within layouts/application (1.0ms)
Completed 500 Internal Server Error in 509ms (ActiveRecord: 0.0ms)


  
ActionView::Template::Error (TypeError: El objeto no acepta esta propiedad o método):
    3:   <head>
    4:     <title>Prolam</title>
    5:     <%= csrf_meta_tags %>
    6:     <%= stylesheet_link_tag    'default', media: 'all', 'data-turbolinks-track' => true %>
    7:     <%= javascript_include_tag 'default', 'data-turbolinks-track' => true %>
    8:     <!--<%= stylesheet_link_tag    'application', media: 'all', 'data-turbolinks-track': 'reload' %>-->
    9:     <!--<%= javascript_include_tag 'application', 'data-turbolinks-track': 'reload' %>-->
  
app/views/layouts/application.html.erb:6:in `_app_views_layouts_application_html_erb__748851879_94702428'
Started GET "/" for ::1 at 2017-08-28 19:33:53 -0400
Processing by HomeController#index as HTML
  Rendering home/index.html.erb within layouts/application
  Rendered home/index.html.erb within layouts/application (0.0ms)
Completed 500 Internal Server Error in 382ms (ActiveRecord: 0.0ms)


  
ActionView::Template::Error (TypeError: El objeto no acepta esta propiedad o método):
    3:   <head>
    4:     <title>Prolam</title>
    5:     <%= csrf_meta_tags %>
    6:     <%= stylesheet_link_tag    'default', media: 'all', 'data-turbolinks-track' => true %>
    7:     <%= javascript_include_tag 'default', 'data-turbolinks-track' => true %>
    8: 
    9:   </head>
  
app/views/layouts/application.html.erb:6:in `_app_views_layouts_application_html_erb__748851879_95931072'
Started GET "/" for ::1 at 2017-08-28 19:44:16 -0400
  [1m[35m (0.0ms)[0m  [1m[34mSELECT "schema_migrations"."version" FROM "schema_migrations" ORDER BY "schema_migrations"."version" ASC[0m
Processing by HomeController#index as HTML
  Rendering home/index.html.erb within layouts/application
  Rendered home/index.html.erb within layouts/application (19.5ms)
Completed 500 Internal Server Error in 1578ms (ActiveRecord: 0.0ms)


  
ActionView::Template::Error (Asset was not declared to be precompiled in production.
Add `Rails.application.config.assets.precompile += %w( default.css )` to `config/initializers/assets.rb` and restart your server):
    3:   <head>
    4:     <title>Prolam</title>
    5:     <%= csrf_meta_tags %>
    6:     <%= stylesheet_link_tag    'default', media: 'all', 'data-turbolinks-track' => true %>
    7:     <%= javascript_include_tag 'default', 'data-turbolinks-track' => true %>
    8: 
    9:   </head>
  
app/views/layouts/application.html.erb:6:in `_app_views_layouts_application_html_erb___149428421_48034080'
Started GET "/" for ::1 at 2017-08-28 19:45:08 -0400
Processing by HomeController#index as HTML
Started GET "/" for ::1 at 2017-08-28 19:45:08 -0400
Processing by HomeController#index as HTML
  Rendering home/index.html.erb within layouts/application
  Rendering home/index.html.erb within layouts/application
  Rendered home/index.html.erb within layouts/application (0.0ms)
  Rendered home/index.html.erb within layouts/application (0.0ms)
Completed 500 Internal Server Error in 102ms (ActiveRecord: 0.0ms)


  
ActionView::Template::Error (Permission denied @ utime_failed - d:/Ninja/repo/prolam/tmp/cache/assets/sprockets/v3.0/2j/2jMex-UigjNIwf0iIJUOYHXNsdcQ7T57H-KlGj1aICE.cache):
    4:     <title>Prolam</title>
    5:     <%= csrf_meta_tags %>
    6: 
    7:     <%= stylesheet_link_tag    'application', media: 'all', 'data-turbolinks-track': 'reload' %>
    8:     <%= javascript_include_tag 'application', 'data-turbolinks-track': 'reload' %>
    9:   </head>
   10: 
  
app/views/layouts/application.html.erb:7:in `_app_views_layouts_application_html_erb___149428421_47592816'
Completed 500 Internal Server Error in 383ms (Views: 299.2ms | ActiveRecord: 0.0ms)


  
NameError (undefined local variable or method `dashboard_path' for #<HomeController:0x5e0a5b0>):
  
app/controllers/application_controller.rb:27:in `redirect_login'
Started GET "/" for ::1 at 2017-08-28 19:46:22 -0400
Processing by HomeController#index as HTML
  Rendering home/index.html.erb within layouts/application
  Rendered home/index.html.erb within layouts/application (0.0ms)
Completed 200 OK in 69ms (Views: 63.1ms)


Started GET "/" for ::1 at 2017-08-28 19:47:59 -0400
Processing by HomeController#index as HTML
Completed 401 Unauthorized in 8ms


Started GET "/users/sign_in" for ::1 at 2017-08-28 19:47:59 -0400
Processing by Devise::SessionsController#new as HTML
  Rendering devise/sessions/new.html.erb within layouts/application
  Rendered devise/shared/_links.html.erb (1.0ms)
  Rendered devise/sessions/new.html.erb within layouts/application (22.6ms)
Completed 200 OK in 133ms (Views: 109.8ms | ActiveRecord: 1.0ms)


Started GET "/users/sign_in" for ::1 at 2017-08-28 19:52:25 -0400
Processing by Devise::SessionsController#new as HTML
  Rendering devise/sessions/new.html.erb within layouts/application
  Rendered devise/shared/_links.html.erb (1.0ms)
  Rendered devise/sessions/new.html.erb within layouts/application (11.0ms)
Completed 500 Internal Server Error in 96ms (ActiveRecord: 0.0ms)


  
ActionView::Template::Error (couldn't find file 'bootstrap' with type 'text/css'
Checked in these paths: 
  d:/Ninja/repo/prolam/app/assets/config
  d:/Ninja/repo/prolam/app/assets/images
  d:/Ninja/repo/prolam/app/assets/javascripts
  d:/Ninja/repo/prolam/app/assets/stylesheets
  C:/RailsInstaller/Ruby2.2.0/lib/ruby/gems/2.2.0/gems/coffee-rails-4.2.2/lib/assets/javascripts
  C:/RailsInstaller/Ruby2.2.0/lib/ruby/gems/2.2.0/gems/actioncable-5.1.3/lib/assets/compiled
  C:/RailsInstaller/Ruby2.2.0/lib/ruby/gems/2.2.0/gems/actionview-5.1.3/lib/assets/compiled
  C:/RailsInstaller/Ruby2.2.0/lib/ruby/gems/2.2.0/gems/turbolinks-source-5.0.3/lib/assets/javascripts
  d:/Ninja/repo/prolam/node_modules
  C:/RailsInstaller/Ruby2.2.0/lib/ruby/gems/2.2.0/gems/bootstrap-sass-3.3.7/assets/stylesheets
  C:/RailsInstaller/Ruby2.2.0/lib/ruby/gems/2.2.0/gems/bootstrap-sass-3.3.7/assets/javascripts
  C:/RailsInstaller/Ruby2.2.0/lib/ruby/gems/2.2.0/gems/bootstrap-sass-3.3.7/assets/fonts
  C:/RailsInstaller/Ruby2.2.0/lib/ruby/gems/2.2.0/gems/bootstrap-sass-3.3.7/assets/images):
    4:     <title>Prolam</title>
    5:     <%= csrf_meta_tags %>
    6: 
    7:     <%= stylesheet_link_tag    'application', media: 'all', 'data-turbolinks-track': 'reload' %>
    8:     <%= javascript_include_tag 'application', 'data-turbolinks-track': 'reload' %>
    9:   </head>
   10: 
  
app/assets/stylesheets/application.css:15
app/views/layouts/application.html.erb:7:in `_app_views_layouts_application_html_erb___149428421_95412564'
Started GET "/users/sign_in" for ::1 at 2017-08-28 19:52:43 -0400
Processing by Devise::SessionsController#new as HTML
  Rendering devise/sessions/new.html.erb within layouts/application
  Rendered devise/shared/_links.html.erb (1.0ms)
  Rendered devise/sessions/new.html.erb within layouts/application (12.1ms)
Completed 200 OK in 5875ms (Views: 5871.7ms | ActiveRecord: 0.0ms)


Started GET "/users/sign_in" for ::1 at 2017-08-28 19:56:29 -0400
Processing by Devise::SessionsController#new as HTML
  Rendering devise/sessions/new.html.erb within layouts/application
  Rendered devise/shared/_links.html.erb (1.0ms)
  Rendered devise/sessions/new.html.erb within layouts/application (11.0ms)
Completed 500 Internal Server Error in 177ms (ActiveRecord: 0.0ms)


  
ActionView::Template::Error (undefined method `username' for nil:NilClass):
    19:             </div>
    20: 
    21:             <div class="profile-info">
    22:               <%= current_user.username %>
    23: 
    24:               <i class="md md-arrow-drop-down"></i>
    25:             </div>
  
app/views/layouts/application.html.erb:22:in `_app_views_layouts_application_html_erb___149428421_117311952'
Started GET "/users/sign_in" for ::1 at 2017-08-28 19:56:51 -0400
Processing by Devise::SessionsController#new as HTML
  Rendering devise/sessions/new.html.erb within layouts/application
  Rendered devise/shared/_links.html.erb (1.0ms)
  Rendered devise/sessions/new.html.erb within layouts/application (11.5ms)
Completed 500 Internal Server Error in 140ms (ActiveRecord: 0.0ms)


  
ActionView::Template::Error (undefined method `email' for nil:NilClass):
    19:             </div>
    20: 
    21:             <div class="profile-info">
    22:               <%= current_user.email %>
    23: 
    24:               <i class="md md-arrow-drop-down"></i>
    25:             </div>
  
app/views/layouts/application.html.erb:22:in `_app_views_layouts_application_html_erb___149428421_115880820'
Started GET "/users/sign_in" for ::1 at 2017-08-28 19:59:13 -0400
Processing by Devise::SessionsController#new as HTML
  Rendering devise/sessions/new.html.erb within layouts/application
  Rendered devise/shared/_links.html.erb (1.0ms)
  Rendered devise/sessions/new.html.erb within layouts/application (10.1ms)
Completed 200 OK in 135ms (Views: 133.1ms | ActiveRecord: 0.0ms)


  [1m[35m (0.0ms)[0m  [1m[34mSELECT "schema_migrations"."version" FROM "schema_migrations" ORDER BY "schema_migrations"."version" ASC[0m
  [1m[35m (0.0ms)[0m  [1m[34mSELECT "schema_migrations"."version" FROM "schema_migrations" ORDER BY "schema_migrations"."version" ASC[0m
  [1m[35m (0.0ms)[0m  [1m[34mSELECT "schema_migrations"."version" FROM "schema_migrations" ORDER BY "schema_migrations"."version" ASC[0m
Started POST "/users/sign_in" for ::1 at 2017-08-28 20:00:48 -0400
Processing by Devise::SessionsController#create as HTML
  Parameters: {"utf8"=>"✓", "authenticity_token"=>"XsPE6kL/W8h+7/ygahEcqsrbO6p3KV+O3EjVxmwlNaW2xPwBQHEZWil3aDtrV9XZUcvnZvlTFz67J8Q3Yt4Lvw==", "user"=>{"email"=>"admin@gmail.com", "password"=>"[FILTERED]", "remember_me"=>"0"}, "commit"=>"Log in"}
  [1m[36mUser Load (0.0ms)[0m  [1m[34mSELECT  "users".* FROM "users" WHERE "users"."email" = ? ORDER BY "users"."id" ASC LIMIT ?[0m  [["email", "admin@gmail.com"], ["LIMIT", 1]]
Completed 401 Unauthorized in 5ms (ActiveRecord: 0.0ms)


Processing by Devise::SessionsController#new as HTML
  Parameters: {"utf8"=>"✓", "authenticity_token"=>"XsPE6kL/W8h+7/ygahEcqsrbO6p3KV+O3EjVxmwlNaW2xPwBQHEZWil3aDtrV9XZUcvnZvlTFz67J8Q3Yt4Lvw==", "user"=>{"email"=>"admin@gmail.com", "password"=>"[FILTERED]", "remember_me"=>"0"}, "commit"=>"Log in"}
  Rendering devise/sessions/new.html.erb within layouts/application
  Rendered devise/shared/_links.html.erb (3.0ms)
  Rendered devise/sessions/new.html.erb within layouts/application (16.0ms)
Completed 200 OK in 359ms (Views: 197.1ms | ActiveRecord: 0.0ms)


Started POST "/users/sign_in" for ::1 at 2017-08-28 20:01:00 -0400
Processing by Devise::SessionsController#create as HTML
  Parameters: {"utf8"=>"✓", "authenticity_token"=>"6qm9/cEWNZfX1JNQIGPfX87U4nRF9Rr+Hv8bqxWDTp8CroUWw5h3BYBMB8shJRYsVcQ+uMuPUk55kApaG3hwhQ==", "user"=>{"email"=>"admin@gmail.com", "password"=>"[FILTERED]", "remember_me"=>"0"}, "commit"=>"Log in"}
  [1m[36mUser Load (1.0ms)[0m  [1m[34mSELECT  "users".* FROM "users" WHERE "users"."email" = ? ORDER BY "users"."id" ASC LIMIT ?[0m  [["email", "admin@gmail.com"], ["LIMIT", 1]]
Completed 401 Unauthorized in 4ms (ActiveRecord: 1.0ms)


Processing by Devise::SessionsController#new as HTML
  Parameters: {"utf8"=>"✓", "authenticity_token"=>"6qm9/cEWNZfX1JNQIGPfX87U4nRF9Rr+Hv8bqxWDTp8CroUWw5h3BYBMB8shJRYsVcQ+uMuPUk55kApaG3hwhQ==", "user"=>{"email"=>"admin@gmail.com", "password"=>"[FILTERED]", "remember_me"=>"0"}, "commit"=>"Log in"}
  Rendering devise/sessions/new.html.erb within layouts/application
  Rendered devise/shared/_links.html.erb (1.0ms)
  Rendered devise/sessions/new.html.erb within layouts/application (28.5ms)
Completed 200 OK in 483ms (Views: 339.7ms | ActiveRecord: 0.0ms)


  [1m[35m (0.0ms)[0m  [1m[34mSELECT "schema_migrations"."version" FROM "schema_migrations" ORDER BY "schema_migrations"."version" ASC[0m
  [1m[35m (0.0ms)[0m  [1m[36mbegin transaction[0m
  [1m[36mUser Exists (1.0ms)[0m  [1m[34mSELECT  1 AS one FROM "users" WHERE "users"."email" = ? LIMIT ?[0m  [["email", "admin@gmail.com"], ["LIMIT", 1]]
  [1m[35mSQL (25.0ms)[0m  [1m[32mINSERT INTO "users" ("email", "encrypted_password", "permission_level", "created_at", "updated_at") VALUES (?, ?, ?, ?, ?)[0m  [["email", "admin@gmail.com"], ["encrypted_password", "$2a$11$MvNuL/sQhub7HIa9DLEg.eB9dDJt5sfv2UShJlB3rp0Vw8vUavmUG"], ["permission_level", 3], ["created_at", "2017-08-29 00:01:59.868493"], ["updated_at", "2017-08-29 00:01:59.868493"]]
  [1m[35m (298.9ms)[0m  [1m[36mcommit transaction[0m
  [1m[35m (0.0ms)[0m  [1m[36mbegin transaction[0m
  [1m[36mUser Exists (0.0ms)[0m  [1m[34mSELECT  1 AS one FROM "users" WHERE "users"."email" = ? LIMIT ?[0m  [["email", "colaborador@gmail.com"], ["LIMIT", 1]]
  [1m[35mSQL (1.0ms)[0m  [1m[32mINSERT INTO "users" ("email", "encrypted_password", "created_at", "updated_at") VALUES (?, ?, ?, ?)[0m  [["email", "colaborador@gmail.com"], ["encrypted_password", "$2a$11$izWkeBPQIY8wFb7p8/x4RebK1zdtvbbWwKGZQpqfPtY811YaWsVO6"], ["created_at", "2017-08-29 00:02:00.348780"], ["updated_at", "2017-08-29 00:02:00.348780"]]
  [1m[35m (325.8ms)[0m  [1m[36mcommit transaction[0m
Started GET "/users/sign_in" for ::1 at 2017-08-28 20:02:12 -0400
Processing by Devise::SessionsController#new as HTML
  Rendering devise/sessions/new.html.erb within layouts/application
  Rendered devise/shared/_links.html.erb (1.0ms)
  Rendered devise/sessions/new.html.erb within layouts/application (9.8ms)
Completed 200 OK in 119ms (Views: 119.1ms | ActiveRecord: 0.0ms)


Started POST "/users/sign_in" for ::1 at 2017-08-28 20:02:17 -0400
Processing by Devise::SessionsController#create as HTML
  Parameters: {"utf8"=>"✓", "authenticity_token"=>"m49o53hTdrh7S510mFQFeRsFmvF7f95JFztzSXjbLjFziFAMet00KizTCe+ZEswKgBVGPfUFlvlwVGK4diAQKw==", "user"=>{"email"=>"admin@uci.cu", "password"=>"[FILTERED]", "remember_me"=>"0"}, "commit"=>"Log in"}
  [1m[36mUser Load (0.0ms)[0m  [1m[34mSELECT  "users".* FROM "users" WHERE "users"."email" = ? ORDER BY "users"."id" ASC LIMIT ?[0m  [["email", "admin@uci.cu"], ["LIMIT", 1]]
Completed 401 Unauthorized in 4ms (ActiveRecord: 0.0ms)


Processing by Devise::SessionsController#new as HTML
  Parameters: {"utf8"=>"✓", "authenticity_token"=>"m49o53hTdrh7S510mFQFeRsFmvF7f95JFztzSXjbLjFziFAMet00KizTCe+ZEswKgBVGPfUFlvlwVGK4diAQKw==", "user"=>{"email"=>"admin@uci.cu", "password"=>"[FILTERED]", "remember_me"=>"0"}, "commit"=>"Log in"}
  Rendering devise/sessions/new.html.erb within layouts/application
  Rendered devise/shared/_links.html.erb (1.0ms)
  Rendered devise/sessions/new.html.erb within layouts/application (10.5ms)
Completed 200 OK in 263ms (Views: 120.4ms | ActiveRecord: 0.0ms)


Started POST "/users/sign_in" for ::1 at 2017-08-28 20:02:33 -0400
Processing by Devise::SessionsController#create as HTML
  Parameters: {"utf8"=>"✓", "authenticity_token"=>"k7ADmjK5PAeDku5ePKgoSoFohQBk1lk8A8NZeWttYE57tztxMDd+ldQKesU97uE5GnhZzOqsEYxkrEiIZZZeVA==", "user"=>{"email"=>"admin@gmail.com", "password"=>"[FILTERED]", "remember_me"=>"0"}, "commit"=>"Log in"}
  [1m[36mUser Load (0.0ms)[0m  [1m[34mSELECT  "users".* FROM "users" WHERE "users"."email" = ? ORDER BY "users"."id" ASC LIMIT ?[0m  [["email", "admin@gmail.com"], ["LIMIT", 1]]
  [1m[35m (1.0ms)[0m  [1m[36mbegin transaction[0m
  [1m[35mSQL (1.0ms)[0m  [1m[33mUPDATE "users" SET "current_sign_in_at" = ?, "last_sign_in_at" = ?, "current_sign_in_ip" = ?, "last_sign_in_ip" = ?, "sign_in_count" = ?, "updated_at" = ? WHERE "users"."id" = ?[0m  [["current_sign_in_at", "2017-08-29 00:02:33.336857"], ["last_sign_in_at", "2017-08-29 00:02:33.336857"], ["current_sign_in_ip", "::1"], ["last_sign_in_ip", "::1"], ["sign_in_count", 1], ["updated_at", "2017-08-29 00:02:33.339818"], ["id", 1]]
  [1m[35m (254.5ms)[0m  [1m[36mcommit transaction[0m
Redirected to http://localhost:3000/
Completed 302 Found in 485ms (ActiveRecord: 256.5ms)


Started GET "/" for ::1 at 2017-08-28 20:02:33 -0400
Processing by HomeController#index as HTML
  [1m[36mUser Load (0.0ms)[0m  [1m[34mSELECT  "users".* FROM "users" WHERE "users"."id" = ? ORDER BY "users"."id" ASC LIMIT ?[0m  [["id", 1], ["LIMIT", 1]]
  Rendering home/index.html.erb within layouts/application
  Rendered home/index.html.erb within layouts/application (1.0ms)
Completed 500 Internal Server Error in 218ms (ActiveRecord: 0.0ms)


  
ActionView::Template::Error (undefined method `avatar_for' for #<#<Class:0x3d0e3d8>:0x3c108d8>):
    16:         <div class="profile-menu">
    17:           <a href="#">
    18:             <div class="profile-pic">
    19:               <%= avatar_for(current_user, "") %>
    20:             </div>
    21: 
    22:             <div class="profile-info">
  
app/views/layouts/application.html.erb:19:in `_app_views_layouts_application_html_erb___149428421_30584292'
Started GET "/" for ::1 at 2017-08-28 20:02:50 -0400
Processing by HomeController#index as HTML
  [1m[36mUser Load (0.0ms)[0m  [1m[34mSELECT  "users".* FROM "users" WHERE "users"."id" = ? ORDER BY "users"."id" ASC LIMIT ?[0m  [["id", 1], ["LIMIT", 1]]
  Rendering home/index.html.erb within layouts/application
  Rendered home/index.html.erb within layouts/application (0.0ms)
Completed 500 Internal Server Error in 114ms (ActiveRecord: 0.0ms)


  
ActionView::Template::Error (undefined method `username' for #<User:0xad1a290>):
    20:             </div>
    21: 
    22:             <div class="profile-info">
    23:               <%= current_user.username %>
    24: 
    25:               <i class="md md-arrow-drop-down"></i>
    26:             </div>
  
app/views/layouts/application.html.erb:23:in `_app_views_layouts_application_html_erb___149428421_90291528'
Started GET "/" for ::1 at 2017-08-28 20:03:01 -0400
Processing by HomeController#index as HTML
  [1m[36mUser Load (1.0ms)[0m  [1m[34mSELECT  "users".* FROM "users" WHERE "users"."id" = ? ORDER BY "users"."id" ASC LIMIT ?[0m  [["id", 1], ["LIMIT", 1]]
  Rendering home/index.html.erb within layouts/application
  Rendered home/index.html.erb within layouts/application (0.0ms)
Completed 500 Internal Server Error in 309ms (ActiveRecord: 1.0ms)


  
ActionView::Template::Error (undefined method `edit_user_path' for #<#<Class:0x3d0e3d8>:0xb636988>):
    29:           <ul class="main-menu">
    30:             <li>
    31:               <!--<a href="#"><i class="md md-person"></i> View Profile</a>-->
    32:               <%= link_to '<i class="md-mode-edit"></i> Edit Profile'.html_safe, edit_user_path(current_user) %>
    33:             </li>
    34:             <li>
    35:               <!--<a href="#"><i class="md md-person"></i> View Profile</a>-->
  
app/views/layouts/application.html.erb:32:in `_app_views_layouts_application_html_erb___149428421_95418420'
Started GET "/" for ::1 at 2017-08-28 20:05:48 -0400
Processing by HomeController#index as HTML
  [1m[36mUser Load (0.0ms)[0m  [1m[34mSELECT  "users".* FROM "users" WHERE "users"."id" = ? ORDER BY "users"."id" ASC LIMIT ?[0m  [["id", 1], ["LIMIT", 1]]
  Rendering home/index.html.erb within layouts/application
  Rendered home/index.html.erb within layouts/application (0.0ms)
Completed 500 Internal Server Error in 109ms (ActiveRecord: 0.0ms)


  
ActionView::Template::Error (undefined method `is_editor?' for #<User:0xe1be878>):
    43: 
    44:         <ul class="main-menu">
    45:           <li><a href="/"><i class="md md-home"></i> Sitio</a></li>
    46:           <% if current_user.is_editor? %>
    47:               <li><a href="/dashboard/index" ><i class="md md-book"></i> Articles</a></li>
    48:               <li><%= link_to '<i class="md md-view-list"></i> Categorias'.html_safe, categories_path %></li>
    49:               <% if current_user.is_admin? %>
  
app/views/layouts/application.html.erb:46:in `_app_views_layouts_application_html_erb___149428421_102216852'
Started GET "/" for ::1 at 2017-08-28 20:06:14 -0400
Processing by HomeController#index as HTML
  [1m[36mUser Load (1.0ms)[0m  [1m[34mSELECT  "users".* FROM "users" WHERE "users"."id" = ? ORDER BY "users"."id" ASC LIMIT ?[0m  [["id", 1], ["LIMIT", 1]]
  Rendering home/index.html.erb within layouts/application
  Rendered home/index.html.erb within layouts/application (0.0ms)
Completed 500 Internal Server Error in 99ms (ActiveRecord: 1.0ms)


  
ActionView::Template::Error (undefined method `is_colaborador?' for #<User:0xd771170>):
    43: 
    44:         <ul class="main-menu">
    45:           <li><a href="/"><i class="md md-home"></i> Sitio</a></li>
    46:           <% if current_user.is_colaborador? %>
    47:               <li><a href="/dashboard/index" ><i class="md md-book"></i> Articles</a></li>
    48:               <li><%= link_to '<i class="md md-view-list"></i> Categorias'.html_safe, categories_path %></li>
    49:               <% if current_user.is_admin? %>
  
app/views/layouts/application.html.erb:46:in `_app_views_layouts_application_html_erb___149428421_112863312'
Started GET "/" for ::1 at 2017-08-28 20:06:58 -0400
Processing by HomeController#index as HTML
  [1m[36mUser Load (0.0ms)[0m  [1m[34mSELECT  "users".* FROM "users" WHERE "users"."id" = ? ORDER BY "users"."id" ASC LIMIT ?[0m  [["id", 1], ["LIMIT", 1]]
  Rendering home/index.html.erb within layouts/application
  Rendered home/index.html.erb within layouts/application (1.0ms)
Completed 500 Internal Server Error in 117ms (ActiveRecord: 0.0ms)


  
ActionView::Template::Error (undefined method `is_colaborador?' for #<User:0xa825770>):
    43: 
    44:         <ul class="main-menu">
    45:           <li><a href="/"><i class="md md-home"></i> Sitio</a></li>
    46:           <% if current_user.is_colaborador? %>
    47:               <li><a href="/dashboard/index" ><i class="md md-book"></i> Articles</a></li>
    48:               <li><%= link_to '<i class="md md-view-list"></i> Categorias'.html_safe, categories_path %></li>
    49:               <% if current_user.is_admin? %>
  
app/views/layouts/application.html.erb:46:in `_app_views_layouts_application_html_erb___149428421_88047000'
Started GET "/" for ::1 at 2017-08-28 20:09:03 -0400
Processing by HomeController#index as HTML
  [1m[36mUser Load (1.0ms)[0m  [1m[34mSELECT  "users".* FROM "users" WHERE "users"."id" = ? ORDER BY "users"."id" ASC LIMIT ?[0m  [["id", 1], ["LIMIT", 1]]
  Rendering home/index.html.erb within layouts/application
  Rendered home/index.html.erb within layouts/application (0.0ms)
Completed 200 OK in 123ms (Views: 95.8ms | ActiveRecord: 3.0ms)


Started GET "/" for ::1 at 2017-08-28 20:14:03 -0400
Processing by HomeController#index as HTML
  [1m[36mUser Load (0.0ms)[0m  [1m[34mSELECT  "users".* FROM "users" WHERE "users"."id" = ? ORDER BY "users"."id" ASC LIMIT ?[0m  [["id", 1], ["LIMIT", 1]]
  Rendering home/index.html.erb within layouts/application
  Rendered home/index.html.erb within layouts/application (1.0ms)
Completed 200 OK in 104ms (Views: 92.5ms | ActiveRecord: 0.0ms)


Started GET "/" for ::1 at 2017-08-28 20:16:18 -0400
Processing by HomeController#index as HTML
  [1m[36mUser Load (0.0ms)[0m  [1m[34mSELECT  "users".* FROM "users" WHERE "users"."id" = ? ORDER BY "users"."id" ASC LIMIT ?[0m  [["id", 1], ["LIMIT", 1]]
  Rendering home/index.html.erb within layouts/application
  Rendered home/index.html.erb within layouts/application (0.0ms)
Completed 200 OK in 101ms (Views: 90.5ms | ActiveRecord: 0.0ms)


Started GET "/" for ::1 at 2017-08-28 20:18:05 -0400
Processing by HomeController#index as HTML
  [1m[36mUser Load (0.0ms)[0m  [1m[34mSELECT  "users".* FROM "users" WHERE "users"."id" = ? ORDER BY "users"."id" ASC LIMIT ?[0m  [["id", 1], ["LIMIT", 1]]
  Rendering home/index.html.erb within layouts/application
  Rendered home/index.html.erb within layouts/application (0.0ms)
Completed 200 OK in 533ms (Views: 525.3ms | ActiveRecord: 0.0ms)


Started GET "/" for ::1 at 2017-08-28 20:20:06 -0400
  [1m[35m (0.0ms)[0m  [1m[34mSELECT "schema_migrations"."version" FROM "schema_migrations" ORDER BY "schema_migrations"."version" ASC[0m
Processing by HomeController#index as HTML
  [1m[36mUser Load (0.0ms)[0m  [1m[34mSELECT  "users".* FROM "users" WHERE "users"."id" = ? ORDER BY "users"."id" ASC LIMIT ?[0m  [["id", 1], ["LIMIT", 1]]
  Rendering home/index.html.erb within layouts/application
  Rendered home/index.html.erb within layouts/application (2.0ms)
Completed 200 OK in 985ms (Views: 937.9ms | ActiveRecord: 2.0ms)


Started GET "/" for ::1 at 2017-08-28 20:20:47 -0400
Processing by HomeController#index as HTML
  [1m[36mUser Load (0.0ms)[0m  [1m[34mSELECT  "users".* FROM "users" WHERE "users"."id" = ? ORDER BY "users"."id" ASC LIMIT ?[0m  [["id", 1], ["LIMIT", 1]]
  Rendering home/index.html.erb within layouts/application
  Rendered home/index.html.erb within layouts/application (0.0ms)
Completed 200 OK in 337ms (Views: 327.5ms | ActiveRecord: 0.0ms)


Started GET "/" for ::1 at 2017-08-28 20:22:06 -0400
Processing by HomeController#index as HTML
  [1m[36mUser Load (1.0ms)[0m  [1m[34mSELECT  "users".* FROM "users" WHERE "users"."id" = ? ORDER BY "users"."id" ASC LIMIT ?[0m  [["id", 1], ["LIMIT", 1]]
  Rendering home/index.html.erb within layouts/application
  Rendered home/index.html.erb within layouts/application (0.0ms)
Completed 200 OK in 117ms (Views: 107.1ms | ActiveRecord: 1.0ms)


Started GET "/" for ::1 at 2017-08-28 20:22:16 -0400
Processing by HomeController#index as HTML
  [1m[36mUser Load (0.0ms)[0m  [1m[34mSELECT  "users".* FROM "users" WHERE "users"."id" = ? ORDER BY "users"."id" ASC LIMIT ?[0m  [["id", 1], ["LIMIT", 1]]
  Rendering home/index.html.erb within layouts/application
  Rendered home/index.html.erb within layouts/application (0.0ms)
Completed 200 OK in 105ms (Views: 94.9ms | ActiveRecord: 0.0ms)


Started GET "/" for ::1 at 2017-08-28 20:22:31 -0400
Processing by HomeController#index as HTML
  [1m[36mUser Load (1.0ms)[0m  [1m[34mSELECT  "users".* FROM "users" WHERE "users"."id" = ? ORDER BY "users"."id" ASC LIMIT ?[0m  [["id", 1], ["LIMIT", 1]]
  Rendering home/index.html.erb within layouts/application
  Rendered home/index.html.erb within layouts/application (0.0ms)
Completed 200 OK in 108ms (Views: 98.6ms | ActiveRecord: 1.0ms)


Started GET "/" for ::1 at 2017-08-28 20:23:13 -0400
Processing by HomeController#index as HTML
  [1m[36mUser Load (1.0ms)[0m  [1m[34mSELECT  "users".* FROM "users" WHERE "users"."id" = ? ORDER BY "users"."id" ASC LIMIT ?[0m  [["id", 1], ["LIMIT", 1]]
  Rendering home/index.html.erb within layouts/application
  Rendered home/index.html.erb within layouts/application (0.0ms)
Completed 200 OK in 396ms (Views: 376.4ms | ActiveRecord: 1.0ms)


Started GET "/" for ::1 at 2017-08-28 20:23:42 -0400
Processing by HomeController#index as HTML
  [1m[36mUser Load (0.0ms)[0m  [1m[34mSELECT  "users".* FROM "users" WHERE "users"."id" = ? ORDER BY "users"."id" ASC LIMIT ?[0m  [["id", 1], ["LIMIT", 1]]
  Rendering home/index.html.erb within layouts/application
  Rendered home/index.html.erb within layouts/application (1.0ms)
Completed 200 OK in 427ms (Views: 413.2ms | ActiveRecord: 0.0ms)


Started GET "/" for ::1 at 2017-08-28 20:23:57 -0400
Processing by HomeController#index as HTML
  [1m[36mUser Load (0.0ms)[0m  [1m[34mSELECT  "users".* FROM "users" WHERE "users"."id" = ? ORDER BY "users"."id" ASC LIMIT ?[0m  [["id", 1], ["LIMIT", 1]]
  Rendering home/index.html.erb within layouts/application
  Rendered home/index.html.erb within layouts/application (1.0ms)
Completed 200 OK in 418ms (Views: 409.9ms | ActiveRecord: 0.0ms)


Started GET "/" for ::1 at 2017-08-28 20:24:08 -0400
Processing by HomeController#index as HTML
  [1m[36mUser Load (1.0ms)[0m  [1m[34mSELECT  "users".* FROM "users" WHERE "users"."id" = ? ORDER BY "users"."id" ASC LIMIT ?[0m  [["id", 1], ["LIMIT", 1]]
  Rendering home/index.html.erb within layouts/application
  Rendered home/index.html.erb within layouts/application (1.0ms)
Completed 200 OK in 460ms (Views: 449.1ms | ActiveRecord: 1.0ms)


Started GET "/" for ::1 at 2017-08-28 20:25:03 -0400
Processing by HomeController#index as HTML
  [1m[36mUser Load (1.0ms)[0m  [1m[34mSELECT  "users".* FROM "users" WHERE "users"."id" = ? ORDER BY "users"."id" ASC LIMIT ?[0m  [["id", 1], ["LIMIT", 1]]
  Rendering home/index.html.erb within layouts/application
  Rendered home/index.html.erb within layouts/application (1.0ms)
Completed 200 OK in 108ms (Views: 96.7ms | ActiveRecord: 1.0ms)


Started GET "/" for ::1 at 2017-08-28 20:25:16 -0400
Processing by HomeController#index as HTML
  [1m[36mUser Load (1.0ms)[0m  [1m[34mSELECT  "users".* FROM "users" WHERE "users"."id" = ? ORDER BY "users"."id" ASC LIMIT ?[0m  [["id", 1], ["LIMIT", 1]]
  Rendering home/index.html.erb within layouts/application
  Rendered home/index.html.erb within layouts/application (1.0ms)
Completed 200 OK in 112ms (Views: 102.1ms | ActiveRecord: 1.0ms)


Started GET "/images/fibramty/favicon.png" for ::1 at 2017-08-28 20:25:16 -0400
  
ActionController::RoutingError (No route matches [GET] "/images/fibramty/favicon.png"):
  
actionpack (5.1.3) lib/action_dispatch/middleware/debug_exceptions.rb:63:in `call'
web-console (3.5.1) lib/web_console/middleware.rb:135:in `call_app'
web-console (3.5.1) lib/web_console/middleware.rb:28:in `block in call'
web-console (3.5.1) lib/web_console/middleware.rb:18:in `catch'
web-console (3.5.1) lib/web_console/middleware.rb:18:in `call'
actionpack (5.1.3) lib/action_dispatch/middleware/show_exceptions.rb:31:in `call'
railties (5.1.3) lib/rails/rack/logger.rb:36:in `call_app'
railties (5.1.3) lib/rails/rack/logger.rb:24:in `block in call'
activesupport (5.1.3) lib/active_support/tagged_logging.rb:69:in `block in tagged'
activesupport (5.1.3) lib/active_support/tagged_logging.rb:26:in `tagged'
activesupport (5.1.3) lib/active_support/tagged_logging.rb:69:in `tagged'
railties (5.1.3) lib/rails/rack/logger.rb:24:in `call'
sprockets-rails (3.2.0) lib/sprockets/rails/quiet_assets.rb:13:in `call'
actionpack (5.1.3) lib/action_dispatch/middleware/remote_ip.rb:79:in `call'
actionpack (5.1.3) lib/action_dispatch/middleware/request_id.rb:25:in `call'
rack (2.0.3) lib/rack/method_override.rb:22:in `call'
rack (2.0.3) lib/rack/runtime.rb:22:in `call'
activesupport (5.1.3) lib/active_support/cache/strategy/local_cache_middleware.rb:27:in `call'
actionpack (5.1.3) lib/action_dispatch/middleware/executor.rb:12:in `call'
actionpack (5.1.3) lib/action_dispatch/middleware/static.rb:125:in `call'
rack (2.0.3) lib/rack/sendfile.rb:111:in `call'
railties (5.1.3) lib/rails/engine.rb:522:in `call'
puma (3.10.0) lib/puma/configuration.rb:225:in `call'
puma (3.10.0) lib/puma/server.rb:605:in `handle_request'
puma (3.10.0) lib/puma/server.rb:437:in `process_client'
puma (3.10.0) lib/puma/server.rb:301:in `block in run'
puma (3.10.0) lib/puma/thread_pool.rb:120:in `call'
puma (3.10.0) lib/puma/thread_pool.rb:120:in `block in spawn_thread'
Started GET "/" for ::1 at 2017-08-28 20:25:16 -0400
Processing by HomeController#index as HTML
  [1m[36mUser Load (1.0ms)[0m  [1m[34mSELECT  "users".* FROM "users" WHERE "users"."id" = ? ORDER BY "users"."id" ASC LIMIT ?[0m  [["id", 1], ["LIMIT", 1]]
Started GET "/" for ::1 at 2017-08-28 20:25:17 -0400
Processing by HomeController#index as HTML
  Rendering home/index.html.erb within layouts/application
  [1m[36mUser Load (0.0ms)[0m  [1m[34mSELECT  "users".* FROM "users" WHERE "users"."id" = ? ORDER BY "users"."id" ASC LIMIT ?[0m  [["id", 1], ["LIMIT", 1]]
  Rendered home/index.html.erb within layouts/application (0.0ms)
  Rendering home/index.html.erb within layouts/application
  Rendered home/index.html.erb within layouts/application (1.0ms)
Completed 200 OK in 1969ms (Views: 1702.0ms | ActiveRecord: 1.0ms)


Completed 200 OK in 1555ms (Views: 1542.1ms | ActiveRecord: 0.0ms)


Started DELETE "/users/sign_out" for ::1 at 2017-08-28 20:25:23 -0400
Processing by Devise::SessionsController#destroy as HTML
  Parameters: {"authenticity_token"=>"s9iFJp8V9MIT0z+lBcT+k4e/yeC+vBdcME9HUL1xL/4AHXK3LG8n68mrh4JQ8mWwJ1PcZ6ViqH0qfuT64i+i6w=="}
  [1m[36mUser Load (1.0ms)[0m  [1m[34mSELECT  "users".* FROM "users" WHERE "users"."id" = ? ORDER BY "users"."id" ASC LIMIT ?[0m  [["id", 1], ["LIMIT", 1]]
  [1m[35m (0.0ms)[0m  [1m[36mbegin transaction[0m
  [1m[35m (0.0ms)[0m  [1m[36mcommit transaction[0m
Redirected to http://localhost:3000/
Completed 302 Found in 32ms (ActiveRecord: 1.0ms)


Started GET "/" for ::1 at 2017-08-28 20:25:23 -0400
Processing by HomeController#index as HTML
Completed 401 Unauthorized in 5ms (ActiveRecord: 0.0ms)


Started GET "/users/sign_in" for ::1 at 2017-08-28 20:25:23 -0400
Processing by Devise::SessionsController#new as HTML
  Rendering devise/sessions/new.html.erb within layouts/application
  Rendered devise/shared/_links.html.erb (2.0ms)
  Rendered devise/sessions/new.html.erb within layouts/application (17.0ms)
Completed 200 OK in 136ms (Views: 134.2ms | ActiveRecord: 0.0ms)


Started GET "/users/sign_in" for ::1 at 2017-08-28 20:25:26 -0400
Processing by Devise::SessionsController#new as HTML
  Rendering devise/sessions/new.html.erb within layouts/application
  Rendered devise/shared/_links.html.erb (0.0ms)
  Rendered devise/sessions/new.html.erb within layouts/application (10.1ms)
Completed 200 OK in 134ms (Views: 133.1ms | ActiveRecord: 0.0ms)


Started GET "/users/sign_in" for ::1 at 2017-08-28 20:25:44 -0400
Processing by Devise::SessionsController#new as HTML
  Rendering devise/sessions/new.html.erb within layouts/application
  Rendered devise/shared/_links.html.erb (1.0ms)
  Rendered devise/sessions/new.html.erb within layouts/application (10.0ms)
Completed 200 OK in 261ms (Views: 258.6ms | ActiveRecord: 0.0ms)


Started GET "/users/sign_in" for ::1 at 2017-08-28 20:28:20 -0400
Processing by Devise::SessionsController#new as HTML
  Rendering devise/sessions/new.html.erb within layouts/application
  Rendered devise/shared/_links.html.erb (1.0ms)
  Rendered devise/sessions/new.html.erb within layouts/application (13.0ms)
Completed 200 OK in 138ms (Views: 136.8ms | ActiveRecord: 0.0ms)


Started GET "/users/sign_in" for ::1 at 2017-08-28 20:28:56 -0400
Processing by Devise::SessionsController#new as HTML
  Rendering devise/sessions/new.html.erb within layouts/application
  Rendered devise/shared/_links.html.erb (1.0ms)
  Rendered devise/sessions/new.html.erb within layouts/application (10.0ms)
Completed 200 OK in 126ms (Views: 124.5ms | ActiveRecord: 0.0ms)


Started GET "/users/sign_in" for ::1 at 2017-08-28 20:30:38 -0400
Processing by Devise::SessionsController#new as HTML
  Rendering devise/sessions/new.html.erb within layouts/application
  Rendered devise/shared/_links.html.erb (1.0ms)
  Rendered devise/sessions/new.html.erb within layouts/application (11.3ms)
Completed 200 OK in 140ms (Views: 139.3ms | ActiveRecord: 0.0ms)


Started GET "/users/sign_in" for ::1 at 2017-08-28 20:31:19 -0400
Processing by Devise::SessionsController#new as HTML
  Rendering devise/sessions/new.html.erb within layouts/application
  Rendered devise/shared/_links.html.erb (1.0ms)
  Rendered devise/sessions/new.html.erb within layouts/application (10.1ms)
Completed 200 OK in 136ms (Views: 134.5ms | ActiveRecord: 0.0ms)


Started GET "/users/sign_in" for ::1 at 2017-08-28 20:31:31 -0400
Processing by Devise::SessionsController#new as HTML
  Rendering devise/sessions/new.html.erb within layouts/application
  Rendered devise/shared/_links.html.erb (1.0ms)
  Rendered devise/sessions/new.html.erb within layouts/application (10.0ms)
Completed 200 OK in 132ms (Views: 131.1ms | ActiveRecord: 0.0ms)


Started POST "/users/sign_in" for ::1 at 2017-08-28 20:31:56 -0400
Processing by Devise::SessionsController#create as HTML
  Parameters: {"utf8"=>"✓", "authenticity_token"=>"AAPtY33fj3i4svDJIP+u1H5EoKc114JmoA2QnyoYJi4MJXNKAM70SolqHhNRR5Crb09/89G9qQeg9H9lZT69jw==", "user"=>{"email"=>"admin@gmail.com", "password"=>"[FILTERED]"}, "commit"=>"Log in"}
  [1m[36mUser Load (1.0ms)[0m  [1m[34mSELECT  "users".* FROM "users" WHERE "users"."email" = ? ORDER BY "users"."id" ASC LIMIT ?[0m  [["email", "admin@gmail.com"], ["LIMIT", 1]]
  [1m[35m (0.0ms)[0m  [1m[36mbegin transaction[0m
  [1m[35mSQL (1.0ms)[0m  [1m[33mUPDATE "users" SET "current_sign_in_at" = ?, "sign_in_count" = ?, "updated_at" = ? WHERE "users"."id" = ?[0m  [["current_sign_in_at", "2017-08-29 00:31:57.143553"], ["sign_in_count", 2], ["updated_at", "2017-08-29 00:31:57.146262"], ["id", 1]]
  [1m[35m (273.0ms)[0m  [1m[36mcommit transaction[0m
Redirected to http://localhost:3000/
Completed 302 Found in 545ms (ActiveRecord: 275.0ms)


Started GET "/" for ::1 at 2017-08-28 20:31:57 -0400
Processing by HomeController#index as HTML
  [1m[36mUser Load (0.0ms)[0m  [1m[34mSELECT  "users".* FROM "users" WHERE "users"."id" = ? ORDER BY "users"."id" ASC LIMIT ?[0m  [["id", 1], ["LIMIT", 1]]
  Rendering home/index.html.erb within layouts/application
  Rendered home/index.html.erb within layouts/application (0.0ms)
Completed 200 OK in 97ms (Views: 87.4ms | ActiveRecord: 0.0ms)


Started GET "/" for ::1 at 2017-08-28 20:32:27 -0400
Processing by HomeController#index as HTML
  [1m[36mUser Load (1.0ms)[0m  [1m[34mSELECT  "users".* FROM "users" WHERE "users"."id" = ? ORDER BY "users"."id" ASC LIMIT ?[0m  [["id", 1], ["LIMIT", 1]]
  Rendering home/index.html.erb within layouts/application
  Rendered home/index.html.erb within layouts/application (0.0ms)
Completed 200 OK in 104ms (Views: 95.5ms | ActiveRecord: 1.0ms)


Started GET "/" for ::1 at 2017-08-28 20:35:07 -0400
Processing by HomeController#index as HTML
  [1m[36mUser Load (0.0ms)[0m  [1m[34mSELECT  "users".* FROM "users" WHERE "users"."id" = ? ORDER BY "users"."id" ASC LIMIT ?[0m  [["id", 1], ["LIMIT", 1]]
  Rendering home/index.html.erb within layouts/application
  Rendered home/index.html.erb within layouts/application (1.0ms)
Completed 200 OK in 245ms (Views: 236.8ms | ActiveRecord: 0.0ms)


